# JRE version: Java(TM) SE Runtime Environment (8.0_25-b17) (build 1.8.0_25-b17)
# Java VM: Java HotSpot(TM) 64-Bit Server VM (25.25-b02 mixed mode linux-amd64 compressed oops)
Heap:
 PSYoungGen      total 261120K, used 10379K [0x00000000eab00000, 0x00000000fcd80000, 0x0000000100000000)
  eden space 224768K, 0% used [0x00000000eab00000,0x00000000eab00000,0x00000000f8680000)
  from space 36352K, 28% used [0x00000000f8680000,0x00000000f90a2fb0,0x00000000faa00000)
  to   space 28160K, 0% used [0x00000000fb200000,0x00000000fb200000,0x00000000fcd80000)
 ParOldGen       total 105984K, used 58987K [0x00000000c0000000, 0x00000000c6780000, 0x00000000eab00000)
  object space 105984K, 55% used [0x00000000c0000000,0x00000000c399af10,0x00000000c6780000)
 Metaspace       used 18623K, capacity 18832K, committed 19072K, reserved 1067008K
  class space    used 2076K, capacity 2128K, committed 2176K, reserved 1048576K
GC Heap History (10 events):
Event: 2.552 GC heap after
Heap after GC invocations=10 (full 1):
 PSYoungGen      total 141312K, used 23546K [0x00000000eab00000, 0x00000000f8600000, 0x0000000100000000)
  eden space 117760K, 0% used [0x00000000eab00000,0x00000000eab00000,0x00000000f1e00000)
  from space 23552K, 99% used [0x00000000f1e00000,0x00000000f34febd8,0x00000000f3500000)
  to   space 27648K, 0% used [0x00000000f6b00000,0x00000000f6b00000,0x00000000f8600000)
 ParOldGen       total 78848K, used 45258K [0x00000000c0000000, 0x00000000c4d00000, 0x00000000eab00000)
  object space 78848K, 57% used [0x00000000c0000000,0x00000000c2c32998,0x00000000c4d00000)
 Metaspace       used 16086K, capacity 16234K, committed 16384K, reserved 1064960K
  class space    used 1757K, capacity 1791K, committed 1792K, reserved 1048576K
}
Event: 2.923 GC heap before
{Heap before GC invocations=11 (full 1):
 PSYoungGen      total 141312K, used 141306K [0x00000000eab00000, 0x00000000f8600000, 0x0000000100000000)
  eden space 117760K, 100% used [0x00000000eab00000,0x00000000f1e00000,0x00000000f1e00000)
  from space 23552K, 99% used [0x00000000f1e00000,0x00000000f34febd8,0x00000000f3500000)
  to   space 27648K, 0% used [0x00000000f6b00000,0x00000000f6b00000,0x00000000f8600000)
 ParOldGen       total 78848K, used 45258K [0x00000000c0000000, 0x00000000c4d00000, 0x00000000eab00000)
  object space 78848K, 57% used [0x00000000c0000000,0x00000000c2c32998,0x00000000c4d00000)
 Metaspace       used 17398K, capacity 17506K, committed 17920K, reserved 1064960K
  class space    used 1931K, capacity 1955K, committed 2048K, reserved 1048576K
Event: 2.969 GC heap after
Heap after GC invocations=11 (full 1):
 PSYoungGen      total 191488K, used 27641K [0x00000000eab00000, 0x00000000f8f80000, 0x0000000100000000)
  eden space 163840K, 0% used [0x00000000eab00000,0x00000000eab00000,0x00000000f4b00000)
  from space 27648K, 99% used [0x00000000f6b00000,0x00000000f85fe688,0x00000000f8600000)
  to   space 32768K, 0% used [0x00000000f4b00000,0x00000000f4b00000,0x00000000f6b00000)
 ParOldGen       total 78848K, used 48362K [0x00000000c0000000, 0x00000000c4d00000, 0x00000000eab00000)
  object space 78848K, 61% used [0x00000000c0000000,0x00000000c2f3a948,0x00000000c4d00000)
 Metaspace       used 17398K, capacity 17506K, committed 17920K, reserved 1064960K
  class space    used 1931K, capacity 1955K, committed 2048K, reserved 1048576K
}
Event: 3.720 GC heap before
{Heap before GC invocations=12 (full 1):
 PSYoungGen      total 191488K, used 191481K [0x00000000eab00000, 0x00000000f8f80000, 0x0000000100000000)
  eden space 163840K, 100% used [0x00000000eab00000,0x00000000f4b00000,0x00000000f4b00000)
  from space 27648K, 99% used [0x00000000f6b00000,0x00000000f85fe688,0x00000000f8600000)
  to   space 32768K, 0% used [0x00000000f4b00000,0x00000000f4b00000,0x00000000f6b00000)
 ParOldGen       total 78848K, used 48362K [0x00000000c0000000, 0x00000000c4d00000, 0x00000000eab00000)
  object space 78848K, 61% used [0x00000000c0000000,0x00000000c2f3a948,0x00000000c4d00000)
 Metaspace       used 17812K, capacity 18014K, committed 18176K, reserved 1064960K
  class space    used 1993K, capacity 2029K, committed 2048K, reserved 1048576K
Event: 3.830 GC heap after
Heap after GC invocations=12 (full 1):
 PSYoungGen      total 196608K, used 26897K [0x00000000eab00000, 0x00000000fd500000, 0x0000000100000000)
  eden space 163840K, 0% used [0x00000000eab00000,0x00000000eab00000,0x00000000f4b00000)
  from space 32768K, 82% used [0x00000000f4b00000,0x00000000f65447c8,0x00000000f6b00000)
  to   space 35840K, 0% used [0x00000000fb200000,0x00000000fb200000,0x00000000fd500000)
 ParOldGen       total 78848K, used 76154K [0x00000000c0000000, 0x00000000c4d00000, 0x00000000eab00000)
  object space 78848K, 96% used [0x00000000c0000000,0x00000000c4a5e870,0x00000000c4d00000)
 Metaspace       used 17812K, capacity 18014K, committed 18176K, reserved 1064960K
  class space    used 1993K, capacity 2029K, committed 2048K, reserved 1048576K
}
Event: 3.831 GC heap before
{Heap before GC invocations=13 (full 2):
 PSYoungGen      total 196608K, used 26897K [0x00000000eab00000, 0x00000000fd500000, 0x0000000100000000)
  eden space 163840K, 0% used [0x00000000eab00000,0x00000000eab00000,0x00000000f4b00000)
  from space 32768K, 82% used [0x00000000f4b00000,0x00000000f65447c8,0x00000000f6b00000)
  to   space 35840K, 0% used [0x00000000fb200000,0x00000000fb200000,0x00000000fd500000)
 ParOldGen       total 78848K, used 76154K [0x00000000c0000000, 0x00000000c4d00000, 0x00000000eab00000)
  object space 78848K, 96% used [0x00000000c0000000,0x00000000c4a5e870,0x00000000c4d00000)
 Metaspace       used 17812K, capacity 18014K, committed 18176K, reserved 1064960K
  class space    used 1993K, capacity 2029K, committed 2048K, reserved 1048576K
Event: 3.994 GC heap after
Heap after GC invocations=13 (full 2):
 PSYoungGen      total 196608K, used 0K [0x00000000eab00000, 0x00000000fd500000, 0x0000000100000000)
  eden space 163840K, 0% used [0x00000000eab00000,0x00000000eab00000,0x00000000f4b00000)
  from space 32768K, 0% used [0x00000000f4b00000,0x00000000f4b00000,0x00000000f6b00000)
  to   space 35840K, 0% used [0x00000000fb200000,0x00000000fb200000,0x00000000fd500000)
 ParOldGen       total 105984K, used 57591K [0x00000000c0000000, 0x00000000c6780000, 0x00000000eab00000)
  object space 105984K, 54% used [0x00000000c0000000,0x00000000c383ddb8,0x00000000c6780000)
 Metaspace       used 17812K, capacity 18014K, committed 18176K, reserved 1064960K
  class space    used 1993K, capacity 2029K, committed 2048K, reserved 1048576K
}
Event: 5.371 GC heap before
{Heap before GC invocations=14 (full 2):
 PSYoungGen      total 196608K, used 163840K [0x00000000eab00000, 0x00000000fd500000, 0x0000000100000000)
  eden space 163840K, 100% used [0x00000000eab00000,0x00000000f4b00000,0x00000000f4b00000)
  from space 32768K, 0% used [0x00000000f4b00000,0x00000000f4b00000,0x00000000f6b00000)
  to   space 35840K, 0% used [0x00000000fb200000,0x00000000fb200000,0x00000000fd500000)
 ParOldGen       total 105984K, used 57591K [0x00000000c0000000, 0x00000000c6780000, 0x00000000eab00000)
  object space 105984K, 54% used [0x00000000c0000000,0x00000000c383ddb8,0x00000000c6780000)
 Metaspace       used 18495K, capacity 18672K, committed 19072K, reserved 1067008K
  class space    used 2068K, capacity 2096K, committed 2176K, reserved 1048576K
Event: 5.405 GC heap after
Heap after GC invocations=14 (full 2):
 PSYoungGen      total 252928K, used 22599K [0x00000000eab00000, 0x00000000fcd80000, 0x0000000100000000)
  eden space 224768K, 0% used [0x00000000eab00000,0x00000000eab00000,0x00000000f8680000)
  from space 28160K, 80% used [0x00000000fb200000,0x00000000fc811de0,0x00000000fcd80000)
  to   space 36352K, 0% used [0x00000000f8680000,0x00000000f8680000,0x00000000faa00000)
 ParOldGen       total 105984K, used 57599K [0x00000000c0000000, 0x00000000c6780000, 0x00000000eab00000)
  object space 105984K, 54% used [0x00000000c0000000,0x00000000c383fdb8,0x00000000c6780000)
 Metaspace       used 18495K, capacity 18672K, committed 19072K, reserved 1067008K
  class space    used 2068K, capacity 2096K, committed 2176K, reserved 1048576K
}
Event: 6.517 GC heap before
{Heap before GC invocations=15 (full 2):
 PSYoungGen      total 252928K, used 247367K [0x00000000eab00000, 0x00000000fcd80000, 0x0000000100000000)
  eden space 224768K, 100% used [0x00000000eab00000,0x00000000f8680000,0x00000000f8680000)
  from space 28160K, 80% used [0x00000000fb200000,0x00000000fc811de0,0x00000000fcd80000)
  to   space 36352K, 0% used [0x00000000f8680000,0x00000000f8680000,0x00000000faa00000)
 ParOldGen       total 105984K, used 57599K [0x00000000c0000000, 0x00000000c6780000, 0x00000000eab00000)
  object space 105984K, 54% used [0x00000000c0000000,0x00000000c383fdb8,0x00000000c6780000)
 Metaspace       used 18623K, capacity 18832K, committed 19072K, reserved 1067008K
  class space    used 2076K, capacity 2128K, committed 2176K, reserved 1048576K

