# JRE version: Java(TM) SE Runtime Environment (8.0_25-b17) (build 1.8.0_25-b17)
# Java VM: Java HotSpot(TM) 64-Bit Server VM (25.25-b02 mixed mode linux-amd64 compressed oops)
Heap:
 PSYoungGen      total 264704K, used 10797K [0x00000000eab00000, 0x00000000fd800000, 0x0000000100000000)
  eden space 228352K, 0% used [0x00000000eab00000,0x00000000eab00000,0x00000000f8a00000)
  from space 36352K, 29% used [0x00000000f8a00000,0x00000000f948b6d0,0x00000000fad80000)
  to   space 35840K, 0% used [0x00000000fad80000,0x00000000fad80000,0x00000000fd080000)
 ParOldGen       total 103936K, used 58597K [0x00000000c0000000, 0x00000000c6580000, 0x00000000eab00000)
  object space 103936K, 56% used [0x00000000c0000000,0x00000000c3939718,0x00000000c6580000)
 Metaspace       used 18594K, capacity 18768K, committed 19072K, reserved 1067008K
  class space    used 2077K, capacity 2128K, committed 2176K, reserved 1048576K
GC Heap History (10 events):
Event: 2.974 GC heap after
Heap after GC invocations=10 (full 1):
 PSYoungGen      total 140800K, used 22513K [0x00000000eab00000, 0x00000000f8580000, 0x0000000100000000)
  eden space 118272K, 0% used [0x00000000eab00000,0x00000000eab00000,0x00000000f1e80000)
  from space 22528K, 99% used [0x00000000f1e80000,0x00000000f347c440,0x00000000f3480000)
  to   space 27136K, 0% used [0x00000000f6b00000,0x00000000f6b00000,0x00000000f8580000)
 ParOldGen       total 76288K, used 45625K [0x00000000c0000000, 0x00000000c4a80000, 0x00000000eab00000)
  object space 76288K, 59% used [0x00000000c0000000,0x00000000c2c8e4e0,0x00000000c4a80000)
 Metaspace       used 15985K, capacity 16106K, committed 16384K, reserved 1064960K
  class space    used 1744K, capacity 1791K, committed 1792K, reserved 1048576K
}
Event: 3.465 GC heap before
{Heap before GC invocations=11 (full 1):
 PSYoungGen      total 140800K, used 140785K [0x00000000eab00000, 0x00000000f8580000, 0x0000000100000000)
  eden space 118272K, 100% used [0x00000000eab00000,0x00000000f1e80000,0x00000000f1e80000)
  from space 22528K, 99% used [0x00000000f1e80000,0x00000000f347c440,0x00000000f3480000)
  to   space 27136K, 0% used [0x00000000f6b00000,0x00000000f6b00000,0x00000000f8580000)
 ParOldGen       total 76288K, used 45625K [0x00000000c0000000, 0x00000000c4a80000, 0x00000000eab00000)
  object space 76288K, 59% used [0x00000000c0000000,0x00000000c2c8e4e0,0x00000000c4a80000)
 Metaspace       used 17366K, capacity 17506K, committed 17920K, reserved 1064960K
  class space    used 1926K, capacity 1955K, committed 2048K, reserved 1048576K
Event: 3.501 GC heap after
Heap after GC invocations=11 (full 1):
 PSYoungGen      total 190464K, used 27105K [0x00000000eab00000, 0x00000000f9000000, 0x0000000100000000)
  eden space 163328K, 0% used [0x00000000eab00000,0x00000000eab00000,0x00000000f4a80000)
  from space 27136K, 99% used [0x00000000f6b00000,0x00000000f8578430,0x00000000f8580000)
  to   space 33280K, 0% used [0x00000000f4a80000,0x00000000f4a80000,0x00000000f6b00000)
 ParOldGen       total 76288K, used 50259K [0x00000000c0000000, 0x00000000c4a80000, 0x00000000eab00000)
  object space 76288K, 65% used [0x00000000c0000000,0x00000000c3114cd0,0x00000000c4a80000)
 Metaspace       used 17366K, capacity 17506K, committed 17920K, reserved 1064960K
  class space    used 1926K, capacity 1955K, committed 2048K, reserved 1048576K
}
Event: 4.329 GC heap before
{Heap before GC invocations=12 (full 1):
 PSYoungGen      total 190464K, used 190433K [0x00000000eab00000, 0x00000000f9000000, 0x0000000100000000)
  eden space 163328K, 100% used [0x00000000eab00000,0x00000000f4a80000,0x00000000f4a80000)
  from space 27136K, 99% used [0x00000000f6b00000,0x00000000f8578430,0x00000000f8580000)
  to   space 33280K, 0% used [0x00000000f4a80000,0x00000000f4a80000,0x00000000f6b00000)
 ParOldGen       total 76288K, used 50259K [0x00000000c0000000, 0x00000000c4a80000, 0x00000000eab00000)
  object space 76288K, 65% used [0x00000000c0000000,0x00000000c3114cd0,0x00000000c4a80000)
 Metaspace       used 17809K, capacity 18014K, committed 18176K, reserved 1064960K
  class space    used 1993K, capacity 2029K, committed 2048K, reserved 1048576K
Event: 4.379 GC heap after
Heap after GC invocations=12 (full 1):
 PSYoungGen      total 196608K, used 26791K [0x00000000eab00000, 0x00000000fd080000, 0x0000000100000000)
  eden space 163328K, 0% used [0x00000000eab00000,0x00000000eab00000,0x00000000f4a80000)
  from space 33280K, 80% used [0x00000000f4a80000,0x00000000f64a9fc0,0x00000000f6b00000)
  to   space 35840K, 0% used [0x00000000fad80000,0x00000000fad80000,0x00000000fd080000)
 ParOldGen       total 77824K, used 77608K [0x00000000c0000000, 0x00000000c4c00000, 0x00000000eab00000)
  object space 77824K, 99% used [0x00000000c0000000,0x00000000c4bca3f0,0x00000000c4c00000)
 Metaspace       used 17809K, capacity 18014K, committed 18176K, reserved 1064960K
  class space    used 1993K, capacity 2029K, committed 2048K, reserved 1048576K
}
Event: 4.379 GC heap before
{Heap before GC invocations=13 (full 2):
 PSYoungGen      total 196608K, used 26791K [0x00000000eab00000, 0x00000000fd080000, 0x0000000100000000)
  eden space 163328K, 0% used [0x00000000eab00000,0x00000000eab00000,0x00000000f4a80000)
  from space 33280K, 80% used [0x00000000f4a80000,0x00000000f64a9fc0,0x00000000f6b00000)
  to   space 35840K, 0% used [0x00000000fad80000,0x00000000fad80000,0x00000000fd080000)
 ParOldGen       total 77824K, used 77608K [0x00000000c0000000, 0x00000000c4c00000, 0x00000000eab00000)
  object space 77824K, 99% used [0x00000000c0000000,0x00000000c4bca3f0,0x00000000c4c00000)
 Metaspace       used 17809K, capacity 18014K, committed 18176K, reserved 1064960K
  class space    used 1993K, capacity 2029K, committed 2048K, reserved 1048576K
Event: 4.456 GC heap after
Heap after GC invocations=13 (full 2):
 PSYoungGen      total 196608K, used 0K [0x00000000eab00000, 0x00000000fd080000, 0x0000000100000000)
  eden space 163328K, 0% used [0x00000000eab00000,0x00000000eab00000,0x00000000f4a80000)
  from space 33280K, 0% used [0x00000000f4a80000,0x00000000f4a80000,0x00000000f6b00000)
  to   space 35840K, 0% used [0x00000000fad80000,0x00000000fad80000,0x00000000fd080000)
 ParOldGen       total 103936K, used 57277K [0x00000000c0000000, 0x00000000c6580000, 0x00000000eab00000)
  object space 103936K, 55% used [0x00000000c0000000,0x00000000c37ef718,0x00000000c6580000)
 Metaspace       used 17809K, capacity 18014K, committed 18176K, reserved 1064960K
  class space    used 1993K, capacity 2029K, committed 2048K, reserved 1048576K
}
Event: 5.056 GC heap before
{Heap before GC invocations=14 (full 2):
 PSYoungGen      total 196608K, used 163328K [0x00000000eab00000, 0x00000000fd080000, 0x0000000100000000)
  eden space 163328K, 100% used [0x00000000eab00000,0x00000000f4a80000,0x00000000f4a80000)
  from space 33280K, 0% used [0x00000000f4a80000,0x00000000f4a80000,0x00000000f6b00000)
  to   space 35840K, 0% used [0x00000000fad80000,0x00000000fad80000,0x00000000fd080000)
 ParOldGen       total 103936K, used 57277K [0x00000000c0000000, 0x00000000c6580000, 0x00000000eab00000)
  object space 103936K, 55% used [0x00000000c0000000,0x00000000c37ef718,0x00000000c6580000)
 Metaspace       used 18481K, capacity 18672K, committed 19072K, reserved 1067008K
  class space    used 2068K, capacity 2096K, committed 2176K, reserved 1048576K
Event: 5.190 GC heap after
Heap after GC invocations=14 (full 2):
 PSYoungGen      total 264192K, used 22403K [0x00000000eab00000, 0x00000000fd800000, 0x0000000100000000)
  eden space 228352K, 0% used [0x00000000eab00000,0x00000000eab00000,0x00000000f8a00000)
  from space 35840K, 62% used [0x00000000fad80000,0x00000000fc360c48,0x00000000fd080000)
  to   space 36352K, 0% used [0x00000000f8a00000,0x00000000f8a00000,0x00000000fad80000)
 ParOldGen       total 103936K, used 57285K [0x00000000c0000000, 0x00000000c6580000, 0x00000000eab00000)
  object space 103936K, 55% used [0x00000000c0000000,0x00000000c37f1718,0x00000000c6580000)
 Metaspace       used 18481K, capacity 18672K, committed 19072K, reserved 1067008K
  class space    used 2068K, capacity 2096K, committed 2176K, reserved 1048576K
}
Event: 5.876 GC heap before
{Heap before GC invocations=15 (full 2):
 PSYoungGen      total 264192K, used 250755K [0x00000000eab00000, 0x00000000fd800000, 0x0000000100000000)
  eden space 228352K, 100% used [0x00000000eab00000,0x00000000f8a00000,0x00000000f8a00000)
  from space 35840K, 62% used [0x00000000fad80000,0x00000000fc360c48,0x00000000fd080000)
  to   space 36352K, 0% used [0x00000000f8a00000,0x00000000f8a00000,0x00000000fad80000)
 ParOldGen       total 103936K, used 57285K [0x00000000c0000000, 0x00000000c6580000, 0x00000000eab00000)
  object space 103936K, 55% used [0x00000000c0000000,0x00000000c37f1718,0x00000000c6580000)
 Metaspace       used 18594K, capacity 18768K, committed 19072K, reserved 1067008K
  class space    used 2077K, capacity 2128K, committed 2176K, reserved 1048576K

